2025-09-03 18:17:27 Loading main app package /usr/lib/obsidian/obsidian.asar
2025-09-03 18:17:27 Checking for update using Github
2025-09-03 18:17:27 Success.
2025-09-03 18:17:27 Latest version is 1.9.12
2025-09-03 18:17:27 App is up to date.
2025-09-03 19:17:27 Checking for update using Github
2025-09-03 19:17:27 Success.
2025-09-03 19:17:27 Latest version is 1.9.12
2025-09-03 19:17:27 App is up to date.
2025-09-03 19:24:42 Loading main app package /usr/lib/obsidian/obsidian.asar
2025-09-03 19:24:42 Checking for update using Github
2025-09-03 19:24:42 Success.
2025-09-03 19:24:42 Latest version is 1.9.12
2025-09-03 19:24:42 App is up to date.
2025-09-03 20:16:07 Loading main app package /usr/lib/obsidian/obsidian.asar
2025-09-03 20:16:07 Checking for update using Github
2025-09-03 20:16:07 Success.
2025-09-03 20:16:07 Latest version is 1.9.12
2025-09-03 20:16:07 App is up to date.
2025-09-03 20:25:40 Loading main app package /usr/lib/obsidian/obsidian.asar
2025-09-03 20:25:40 Checking for update using Github
2025-09-03 20:25:40 Success.
2025-09-03 20:25:40 Latest version is 1.9.12
2025-09-03 20:25:40 App is up to date.
2025-09-03 20:55:53 Loading main app package /usr/lib/obsidian/obsidian.asar
2025-09-03 20:55:54 Checking for update using Github
2025-09-03 20:55:54 Success.
2025-09-03 20:55:54 Latest version is 1.9.12
2025-09-03 20:55:54 App is up to date.
2025-09-03 20:56:46 Loading main app package /usr/lib/obsidian/obsidian.asar
2025-09-03 20:56:46 Checking for update using Github
2025-09-03 20:56:46 Success.
2025-09-03 20:56:46 Latest version is 1.9.12
2025-09-03 20:56:46 App is up to date.
2025-09-03 21:25:22 Loading main app package /usr/lib/obsidian/obsidian.asar
2025-09-03 21:25:22 Checking for update using Github
2025-09-03 21:25:22 Success.
2025-09-03 21:25:22 Latest version is 1.9.12
2025-09-03 21:25:22 App is up to date.
2025-09-03 22:25:22 Checking for update using Github
2025-09-03 22:25:22 Success.
2025-09-03 22:25:22 Latest version is 1.9.12
2025-09-03 22:25:22 App is up to date.
2025-09-03 23:08:37 Loading main app package /usr/lib/obsidian/obsidian.asar
2025-09-03 23:08:37 Checking for update using Github
2025-09-03 23:08:37 Success.
2025-09-03 23:08:37 Latest version is 1.9.12
2025-09-03 23:08:37 App is up to date.
2025-09-04 00:08:37 Checking for update using Github
2025-09-04 00:08:37 Success.
2025-09-04 00:08:37 Latest version is 1.9.12
2025-09-04 00:08:37 App is up to date.
